2016-04-22 12:38:58,042 INFO 载入数据......
2016-04-22 12:38:58,073 DEBUG 载入完成,准备生成字典对象和统计文本数据...
2016-04-22 12:38:58,073 INFO 共有11个文档
2016-04-22 12:38:58,111 INFO 词与序号对应关系已保存到E:\temp\python-LDA-master\data\tmp\wordidmap.dat
2016-04-22 12:38:58,444 INFO 迭代完成。
2016-04-22 12:38:58,460 DEBUG 计算文章-主题分布
2016-04-22 12:38:58,460 DEBUG 计算词-主题分布
2016-04-22 12:38:58,460 DEBUG 保存模型
2016-04-22 12:38:58,460 INFO 文章-主题分布已保存到E:\temp\python-LDA-master\data\tmp\model_theta.dat
2016-04-22 12:38:58,460 INFO 词-主题分布已保存到E:\temp\python-LDA-master\data\tmp\model_phi.dat
2016-04-22 12:38:58,474 INFO 参数设置已保存到E:\temp\python-LDA-master\data\tmp\model_parameter.dat
2016-04-22 12:38:58,509 INFO 主题topN词已保存到E:\temp\python-LDA-master\data\tmp\model_twords.dat
2016-04-22 12:38:58,628 INFO 文章-词-主题分派结果已保存到E:\temp\python-LDA-master\data\tmp\model_tassign.dat
2016-04-22 12:38:58,634 INFO 模型训练完成。
2016-04-22 12:44:04,150 INFO 载入数据......
2016-04-22 12:44:04,150 DEBUG 载入完成,准备生成字典对象和统计文本数据...
2016-04-22 12:44:04,150 INFO 共有11个文档
2016-04-22 12:44:04,167 INFO 词与序号对应关系已保存到E:\temp\python-LDA-master\data\tmp\wordidmap.dat
2016-04-22 12:44:04,473 INFO 迭代完成。
2016-04-22 12:44:04,473 DEBUG 计算文章-主题分布
2016-04-22 12:44:04,473 DEBUG 计算词-主题分布
2016-04-22 12:44:04,473 DEBUG 保存模型
2016-04-22 12:44:04,473 INFO 文章-主题分布已保存到E:\temp\python-LDA-master\data\tmp\model_theta.dat
2016-04-22 12:44:04,473 INFO 词-主题分布已保存到E:\temp\python-LDA-master\data\tmp\model_phi.dat
2016-04-22 12:44:04,503 INFO 参数设置已保存到E:\temp\python-LDA-master\data\tmp\model_parameter.dat
2016-04-22 12:44:04,503 INFO 主题topN词已保存到E:\temp\python-LDA-master\data\tmp\model_twords.dat
2016-04-22 12:44:04,572 INFO 文章-词-主题分派结果已保存到E:\temp\python-LDA-master\data\tmp\model_tassign.dat
2016-04-22 12:44:04,572 INFO 模型训练完成。
